

times in msec
 clock   self+sourced   self:  sourced script
 clock   elapsed:              other lines

000.007  000.007: --- NVIM STARTING ---
000.165  000.158: event init
000.245  000.081: early init
000.370  000.124: locale set
000.418  000.049: init first window
000.680  000.262: inits 1
000.690  000.010: window checked
000.694  000.003: parsing arguments
001.230  000.064  000.064: require('vim.shared')
001.322  000.039  000.039: require('vim.inspect')
001.372  000.036  000.036: require('vim._options')
001.374  000.140  000.065: require('vim._editor')
001.375  000.256  000.052: require('vim._init_packages')
001.376  000.427: init lua interpreter
001.433  000.057: expanding arguments
001.448  000.015: inits 2
001.840  000.392: init highlight
001.843  000.002: waiting for UI
001.949  000.106: done waiting for UI
001.956  000.007: clear screen
001.977  000.010  000.010: require('vim.keymap')
002.226  000.261: init default mappings & autocommands
002.579  000.051  000.051: sourcing /usr/local/share/nvim/runtime/ftplugin.vim
002.632  000.024  000.024: sourcing /usr/local/share/nvim/runtime/indent.vim
002.756  000.035  000.035: require('lilisette.remap')
002.794  000.101  000.066: require('lilisette')
004.374  000.209  000.209: require('packer.util')
004.411  001.429  001.220: require('packer')
004.690  000.276  000.276: require('packer.log')
005.084  000.111  000.111: require('packer.async')
005.347  000.053  000.053: require('packer.result')
005.350  000.265  000.212: require('packer.jobs')
005.356  000.651  000.276: require('packer.plugin_utils')
005.533  000.169  000.169: require('packer.snapshot')
005.776  003.108  000.481: sourcing /home/lilisette/.config/nvim/init.lua
005.781  000.371: sourcing vimrc file(s)
005.955  000.131  000.131: sourcing /usr/local/share/nvim/runtime/filetype.lua
006.107  000.084  000.084: sourcing /usr/local/share/nvim/runtime/syntax/synload.vim
006.191  000.213  000.129: sourcing /usr/local/share/nvim/runtime/syntax/syntax.vim
006.574  000.204  000.204: sourcing /home/lilisette/.config/nvim/plugin/packer_compiled.lua
006.872  000.136  000.136: sourcing /usr/local/share/nvim/runtime/plugin/gzip.vim
007.249  000.187  000.187: sourcing /usr/local/share/nvim/runtime/pack/dist/opt/matchit/plugin/matchit.vim
007.280  000.400  000.213: sourcing /usr/local/share/nvim/runtime/plugin/matchit.vim
007.404  000.117  000.117: sourcing /usr/local/share/nvim/runtime/plugin/matchparen.vim
007.658  000.247  000.247: sourcing /usr/local/share/nvim/runtime/plugin/netrwPlugin.vim
007.773  000.005  000.005: sourcing /home/lilisette/.local/share/nvim/rplugin.vim
007.777  000.102  000.097: sourcing /usr/local/share/nvim/runtime/plugin/rplugin.vim
007.823  000.039  000.039: sourcing /usr/local/share/nvim/runtime/plugin/shada.vim
007.875  000.017  000.017: sourcing /usr/local/share/nvim/runtime/plugin/spellfile.vim
007.958  000.073  000.073: sourcing /usr/local/share/nvim/runtime/plugin/tarPlugin.vim
008.027  000.056  000.056: sourcing /usr/local/share/nvim/runtime/plugin/tohtml.vim
008.046  000.010  000.010: sourcing /usr/local/share/nvim/runtime/plugin/tutor.vim
008.156  000.100  000.100: sourcing /usr/local/share/nvim/runtime/plugin/zipPlugin.vim
008.199  000.031  000.031: sourcing /usr/local/share/nvim/runtime/plugin/editorconfig.lua
008.247  000.036  000.036: sourcing /usr/local/share/nvim/runtime/plugin/man.lua
008.289  000.032  000.032: sourcing /usr/local/share/nvim/runtime/plugin/nvim.lua
008.297  000.571: loading rtp plugins
008.384  000.021  000.021: sourcing /home/lilisette/.local/share/nvim/site/pack/packer/start/plenary.nvim/plugin/plenary.vim
008.691  000.277  000.277: sourcing /home/lilisette/.local/share/nvim/site/pack/packer/start/telescope.nvim/plugin/telescope.lua
008.742  000.147: loading packages
009.058  000.128  000.128: require('telescope.builtin')
009.077  000.160  000.032: sourcing /home/lilisette/.config/nvim/after/plugin/telescope.lua
009.079  000.177: loading after plugins
009.088  000.009: inits 3
010.087  000.999: reading ShaDa
010.238  000.151: opening buffers
010.249  000.011: BufEnter autocommands
010.267  000.018: editing files in windows


times in msec
 clock   self+sourced   self:  sourced script
 clock   elapsed:              other lines

000.006  000.006: --- NVIM STARTING ---
000.180  000.173: event init
000.272  000.093: early init
000.405  000.132: locale set
000.455  000.051: init first window
000.732  000.276: inits 1
000.738  000.006: window checked
000.741  000.003: parsing arguments
001.234  000.037  000.037: require('vim.shared')
001.327  000.040  000.040: require('vim.inspect')
001.379  000.039  000.039: require('vim._options')
001.380  000.142  000.064: require('vim._editor')
001.382  000.248  000.069: require('vim._init_packages')
001.383  000.394: init lua interpreter
001.901  000.518: expanding arguments
001.930  000.029: inits 2
002.262  000.332: init highlight
